# JRE version: Java(TM) SE Runtime Environment (8.0_131-b11) (build 1.8.0_131-b11)
# Java VM: Java HotSpot(TM) 64-Bit Server VM (25.131-b11 mixed mode windows-amd64 compressed oops)
Heap:
 PSYoungGen      total 197120K, used 19054K [0x00000000e1900000, 0x00000000f1200000, 0x0000000100000000)
  eden space 187392K, 10% used [0x00000000e1900000,0x00000000e2b9b9d0,0x00000000ed000000)
  from space 9728K, 0% used [0x00000000ed000000,0x00000000ed000000,0x00000000ed980000)
  to   space 12288K, 0% used [0x00000000f0600000,0x00000000f0600000,0x00000000f1200000)
 ParOldGen       total 65024K, used 19197K [0x00000000a4a00000, 0x00000000a8980000, 0x00000000e1900000)
  object space 65024K, 29% used [0x00000000a4a00000,0x00000000a5cbf608,0x00000000a8980000)
 Metaspace       used 34835K, capacity 37050K, committed 37288K, reserved 1083392K
  class space    used 4864K, capacity 5239K, committed 5288K, reserved 1048576K
GC Heap History (10 events):
Event: 4.634 GC heap before
{Heap before GC invocations=7 (full 0):
 PSYoungGen      total 102400K, used 10554K [0x00000000e1900000, 0x00000000e8700000, 0x0000000100000000)
  eden space 95232K, 3% used [0x00000000e1900000,0x00000000e1c51dd0,0x00000000e7600000)
  from space 7168K, 99% used [0x00000000e7e00000,0x00000000e84fcda8,0x00000000e8500000)
  to   space 8192K, 0% used [0x00000000e7600000,0x00000000e7600000,0x00000000e7e00000)
 ParOldGen       total 62976K, used 9609K [0x00000000a4a00000, 0x00000000a8780000, 0x00000000e1900000)
  object space 62976K, 15% used [0x00000000a4a00000,0x00000000a5362560,0x00000000a8780000)
 Metaspace       used 20189K, capacity 21168K, committed 21296K, reserved 1067008K
  class space    used 2715K, capacity 2938K, committed 2944K, reserved 1048576K
Event: 4.651 GC heap after
Heap after GC invocations=7 (full 0):
 PSYoungGen      total 103424K, used 3822K [0x00000000e1900000, 0x00000000ee300000, 0x0000000100000000)
  eden space 95232K, 0% used [0x00000000e1900000,0x00000000e1900000,0x00000000e7600000)
  from space 8192K, 46% used [0x00000000e7600000,0x00000000e79bb9c8,0x00000000e7e00000)
  to   space 8192K, 0% used [0x00000000edb00000,0x00000000edb00000,0x00000000ee300000)
 ParOldGen       total 62976K, used 11655K [0x00000000a4a00000, 0x00000000a8780000, 0x00000000e1900000)
  object space 62976K, 18% used [0x00000000a4a00000,0x00000000a5561ef8,0x00000000a8780000)
 Metaspace       used 20189K, capacity 21168K, committed 21296K, reserved 1067008K
  class space    used 2715K, capacity 2938K, committed 2944K, reserved 1048576K
}
Event: 4.651 GC heap before
{Heap before GC invocations=8 (full 1):
 PSYoungGen      total 103424K, used 3822K [0x00000000e1900000, 0x00000000ee300000, 0x0000000100000000)
  eden space 95232K, 0% used [0x00000000e1900000,0x00000000e1900000,0x00000000e7600000)
  from space 8192K, 46% used [0x00000000e7600000,0x00000000e79bb9c8,0x00000000e7e00000)
  to   space 8192K, 0% used [0x00000000edb00000,0x00000000edb00000,0x00000000ee300000)
 ParOldGen       total 62976K, used 11655K [0x00000000a4a00000, 0x00000000a8780000, 0x00000000e1900000)
  object space 62976K, 18% used [0x00000000a4a00000,0x00000000a5561ef8,0x00000000a8780000)
 Metaspace       used 20189K, capacity 21168K, committed 21296K, reserved 1067008K
  class space    used 2715K, capacity 2938K, committed 2944K, reserved 1048576K
Event: 4.749 GC heap after
Heap after GC invocations=8 (full 1):
 PSYoungGen      total 103424K, used 0K [0x00000000e1900000, 0x00000000ee300000, 0x0000000100000000)
  eden space 95232K, 0% used [0x00000000e1900000,0x00000000e1900000,0x00000000e7600000)
  from space 8192K, 0% used [0x00000000e7600000,0x00000000e7600000,0x00000000e7e00000)
  to   space 8192K, 0% used [0x00000000edb00000,0x00000000edb00000,0x00000000ee300000)
 ParOldGen       total 40960K, used 7152K [0x00000000a4a00000, 0x00000000a7200000, 0x00000000e1900000)
  object space 40960K, 17% used [0x00000000a4a00000,0x00000000a50fc3d0,0x00000000a7200000)
 Metaspace       used 20189K, capacity 21168K, committed 21296K, reserved 1067008K
  class space    used 2715K, capacity 2938K, committed 2944K, reserved 1048576K
}
Event: 7.704 GC heap before
{Heap before GC invocations=9 (full 1):
 PSYoungGen      total 103424K, used 95215K [0x00000000e1900000, 0x00000000ee300000, 0x0000000100000000)
  eden space 95232K, 99% used [0x00000000e1900000,0x00000000e75fbd40,0x00000000e7600000)
  from space 8192K, 0% used [0x00000000e7600000,0x00000000e7600000,0x00000000e7e00000)
  to   space 8192K, 0% used [0x00000000edb00000,0x00000000edb00000,0x00000000ee300000)
 ParOldGen       total 40960K, used 7152K [0x00000000a4a00000, 0x00000000a7200000, 0x00000000e1900000)
  object space 40960K, 17% used [0x00000000a4a00000,0x00000000a50fc3d0,0x00000000a7200000)
 Metaspace       used 25943K, capacity 27746K, committed 28032K, reserved 1073152K
  class space    used 3565K, capacity 3889K, committed 3968K, reserved 1048576K
Event: 7.728 GC heap after
Heap after GC invocations=9 (full 1):
 PSYoungGen      total 172032K, used 8176K [0x00000000e1900000, 0x00000000ee300000, 0x0000000100000000)
  eden space 163840K, 0% used [0x00000000e1900000,0x00000000e1900000,0x00000000eb900000)
  from space 8192K, 99% used [0x00000000edb00000,0x00000000ee2fc170,0x00000000ee300000)
  to   space 9728K, 0% used [0x00000000ed000000,0x00000000ed000000,0x00000000ed980000)
 ParOldGen       total 40960K, used 8196K [0x00000000a4a00000, 0x00000000a7200000, 0x00000000e1900000)
  object space 40960K, 20% used [0x00000000a4a00000,0x00000000a52010d0,0x00000000a7200000)
 Metaspace       used 25943K, capacity 27746K, committed 28032K, reserved 1073152K
  class space    used 3565K, capacity 3889K, committed 3968K, reserved 1048576K
}
Event: 9.477 GC heap before
{Heap before GC invocations=10 (full 1):
 PSYoungGen      total 172032K, used 121504K [0x00000000e1900000, 0x00000000ee300000, 0x0000000100000000)
  eden space 163840K, 69% used [0x00000000e1900000,0x00000000e87abee0,0x00000000eb900000)
  from space 8192K, 99% used [0x00000000edb00000,0x00000000ee2fc170,0x00000000ee300000)
  to   space 9728K, 0% used [0x00000000ed000000,0x00000000ed000000,0x00000000ed980000)
 ParOldGen       total 40960K, used 8196K [0x00000000a4a00000, 0x00000000a7200000, 0x00000000e1900000)
  object space 40960K, 20% used [0x00000000a4a00000,0x00000000a52010d0,0x00000000a7200000)
 Metaspace       used 33344K, capacity 35430K, committed 35496K, reserved 1079296K
  class space    used 4634K, capacity 4997K, committed 5032K, reserved 1048576K
Event: 9.505 GC heap after
Heap after GC invocations=10 (full 1):
 PSYoungGen      total 197120K, used 9726K [0x00000000e1900000, 0x00000000f1200000, 0x0000000100000000)
  eden space 187392K, 0% used [0x00000000e1900000,0x00000000e1900000,0x00000000ed000000)
  from space 9728K, 99% used [0x00000000ed000000,0x00000000ed97fb78,0x00000000ed980000)
  to   space 12288K, 0% used [0x00000000f0600000,0x00000000f0600000,0x00000000f1200000)
 ParOldGen       total 40960K, used 11497K [0x00000000a4a00000, 0x00000000a7200000, 0x00000000e1900000)
  object space 40960K, 28% used [0x00000000a4a00000,0x00000000a553a440,0x00000000a7200000)
 Metaspace       used 33344K, capacity 35430K, committed 35496K, reserved 1079296K
  class space    used 4634K, capacity 4997K, committed 5032K, reserved 1048576K
}
Event: 9.505 GC heap before
{Heap before GC invocations=11 (full 2):
 PSYoungGen      total 197120K, used 9726K [0x00000000e1900000, 0x00000000f1200000, 0x0000000100000000)
  eden space 187392K, 0% used [0x00000000e1900000,0x00000000e1900000,0x00000000ed000000)
  from space 9728K, 99% used [0x00000000ed000000,0x00000000ed97fb78,0x00000000ed980000)
  to   space 12288K, 0% used [0x00000000f0600000,0x00000000f0600000,0x00000000f1200000)
 ParOldGen       total 40960K, used 11497K [0x00000000a4a00000, 0x00000000a7200000, 0x00000000e1900000)
  object space 40960K, 28% used [0x00000000a4a00000,0x00000000a553a440,0x00000000a7200000)
 Metaspace       used 33344K, capacity 35430K, committed 35496K, reserved 1079296K
  class space    used 4634K, capacity 4997K, committed 5032K, reserved 1048576K
Event: 9.658 GC heap after
Heap after GC invocations=11 (full 2):
 PSYoungGen      total 197120K, used 0K [0x00000000e1900000, 0x00000000f1200000, 0x0000000100000000)
  eden space 187392K, 0% used [0x00000000e1900000,0x00000000e1900000,0x00000000ed000000)
  from space 9728K, 0% used [0x00000000ed000000,0x00000000ed000000,0x00000000ed980000)
  to   space 12288K, 0% used [0x00000000f0600000,0x00000000f0600000,0x00000000f1200000)
 ParOldGen       total 65024K, used 19197K [0x00000000a4a00000, 0x00000000a8980000, 0x00000000e1900000)
  object space 65024K, 29% used [0x00000000a4a00000,0x00000000a5cbf608,0x00000000a8980000)
 Metaspace       used 33344K, capacity 35430K, committed 35496K, reserved 1079296K
  class space    used 4634K, capacity 4997K, committed 5032K, reserved 1048576K
}

